<?xml version="1.0" encoding="UTF-8"?>
<testng-results skipped="0" failed="0" ignored="0" total="2" passed="2">
  <reporter-output>
  </reporter-output>
  <suite name="Default suite" duration-ms="67" started-at="2019-06-25T20:35:10Z" finished-at="2019-06-25T20:35:10Z">
    <groups>
    </groups>
    <test name="Default test" duration-ms="67" started-at="2019-06-25T20:35:10Z" finished-at="2019-06-25T20:35:10Z">
      <class name="MainFunctionPackage.Class2">
        <test-method status="PASS" signature="beforeClass2()[pri:0, instance:MainFunctionPackage.Class2@28feb3fa]" name="beforeClass2" is-config="true" duration-ms="0" started-at="2019-06-25T20:35:10Z" finished-at="2019-06-25T20:35:10Z">
          <reporter-output>
          </reporter-output>
        </test-method> <!-- beforeClass2 -->
        <test-method status="PASS" signature="beforeMethod2()[pri:0, instance:MainFunctionPackage.Class2@28feb3fa]" name="beforeMethod2" is-config="true" duration-ms="1" started-at="2019-06-25T20:35:10Z" finished-at="2019-06-25T20:35:10Z">
          <reporter-output>
          </reporter-output>
        </test-method> <!-- beforeMethod2 -->
        <test-method status="PASS" signature="Test2()[pri:0, instance:MainFunctionPackage.Class2@28feb3fa]" name="Test2" duration-ms="8" started-at="2019-06-25T20:35:10Z" finished-at="2019-06-25T20:35:10Z">
          <reporter-output>
          </reporter-output>
        </test-method> <!-- Test2 -->
        <test-method status="PASS" signature="afterMethod2()[pri:0, instance:MainFunctionPackage.Class2@28feb3fa]" name="afterMethod2" is-config="true" duration-ms="1" started-at="2019-06-25T20:35:10Z" finished-at="2019-06-25T20:35:10Z">
          <reporter-output>
          </reporter-output>
        </test-method> <!-- afterMethod2 -->
        <test-method status="PASS" signature="afterClass2()[pri:0, instance:MainFunctionPackage.Class2@28feb3fa]" name="afterClass2" is-config="true" duration-ms="1" started-at="2019-06-25T20:35:10Z" finished-at="2019-06-25T20:35:10Z">
          <reporter-output>
          </reporter-output>
        </test-method> <!-- afterClass2 -->
      </class> <!-- MainFunctionPackage.Class2 -->
      <class name="MainFunctionPackage.Class1">
        <test-method status="PASS" signature="beforeSuite1()[pri:0, instance:MainFunctionPackage.Class1@675d3402]" name="beforeSuite1" is-config="true" duration-ms="28" started-at="2019-06-25T20:35:10Z" finished-at="2019-06-25T20:35:10Z">
          <reporter-output>
          </reporter-output>
        </test-method> <!-- beforeSuite1 -->
        <test-method status="PASS" signature="beforeSuite2()[pri:0, instance:MainFunctionPackage.Class2@28feb3fa]" name="beforeSuite2" is-config="true" duration-ms="1" started-at="2019-06-25T20:35:10Z" finished-at="2019-06-25T20:35:10Z">
          <reporter-output>
          </reporter-output>
        </test-method> <!-- beforeSuite2 -->
        <test-method status="PASS" signature="beforeTest1()[pri:0, instance:MainFunctionPackage.Class1@675d3402]" name="beforeTest1" is-config="true" duration-ms="0" started-at="2019-06-25T20:35:10Z" finished-at="2019-06-25T20:35:10Z">
          <reporter-output>
          </reporter-output>
        </test-method> <!-- beforeTest1 -->
        <test-method status="PASS" signature="beforeTest2()[pri:0, instance:MainFunctionPackage.Class2@28feb3fa]" name="beforeTest2" is-config="true" duration-ms="2" started-at="2019-06-25T20:35:10Z" finished-at="2019-06-25T20:35:10Z">
          <reporter-output>
          </reporter-output>
        </test-method> <!-- beforeTest2 -->
        <test-method status="PASS" signature="beforeClass1()[pri:0, instance:MainFunctionPackage.Class1@675d3402]" name="beforeClass1" is-config="true" duration-ms="1" started-at="2019-06-25T20:35:10Z" finished-at="2019-06-25T20:35:10Z">
          <reporter-output>
          </reporter-output>
        </test-method> <!-- beforeClass1 -->
        <test-method status="PASS" signature="beforeMethod1()[pri:0, instance:MainFunctionPackage.Class1@675d3402]" name="beforeMethod1" is-config="true" duration-ms="2" started-at="2019-06-25T20:35:10Z" finished-at="2019-06-25T20:35:10Z">
          <reporter-output>
          </reporter-output>
        </test-method> <!-- beforeMethod1 -->
        <test-method status="PASS" signature="Test1()[pri:0, instance:MainFunctionPackage.Class1@675d3402]" name="Test1" duration-ms="4" started-at="2019-06-25T20:35:10Z" finished-at="2019-06-25T20:35:10Z">
          <reporter-output>
          </reporter-output>
        </test-method> <!-- Test1 -->
        <test-method status="PASS" signature="afterMethod1()[pri:0, instance:MainFunctionPackage.Class1@675d3402]" name="afterMethod1" is-config="true" duration-ms="1" started-at="2019-06-25T20:35:10Z" finished-at="2019-06-25T20:35:10Z">
          <reporter-output>
          </reporter-output>
        </test-method> <!-- afterMethod1 -->
        <test-method status="PASS" signature="afterClass1()[pri:0, instance:MainFunctionPackage.Class1@675d3402]" name="afterClass1" is-config="true" duration-ms="0" started-at="2019-06-25T20:35:10Z" finished-at="2019-06-25T20:35:10Z">
          <reporter-output>
          </reporter-output>
        </test-method> <!-- afterClass1 -->
        <test-method status="PASS" signature="afterTest2()[pri:0, instance:MainFunctionPackage.Class2@28feb3fa]" name="afterTest2" is-config="true" duration-ms="0" started-at="2019-06-25T20:35:10Z" finished-at="2019-06-25T20:35:10Z">
          <reporter-output>
          </reporter-output>
        </test-method> <!-- afterTest2 -->
        <test-method status="PASS" signature="afterTest1()[pri:0, instance:MainFunctionPackage.Class1@675d3402]" name="afterTest1" is-config="true" duration-ms="0" started-at="2019-06-25T20:35:10Z" finished-at="2019-06-25T20:35:10Z">
          <reporter-output>
          </reporter-output>
        </test-method> <!-- afterTest1 -->
        <test-method status="PASS" signature="afterSuite1()[pri:0, instance:MainFunctionPackage.Class1@675d3402]" name="afterSuite1" is-config="true" duration-ms="1" started-at="2019-06-25T20:35:10Z" finished-at="2019-06-25T20:35:10Z">
          <reporter-output>
          </reporter-output>
        </test-method> <!-- afterSuite1 -->
        <test-method status="PASS" signature="afterSuite2()[pri:0, instance:MainFunctionPackage.Class2@28feb3fa]" name="afterSuite2" is-config="true" duration-ms="0" started-at="2019-06-25T20:35:10Z" finished-at="2019-06-25T20:35:10Z">
          <reporter-output>
          </reporter-output>
        </test-method> <!-- afterSuite2 -->
      </class> <!-- MainFunctionPackage.Class1 -->
    </test> <!-- Default test -->
  </suite> <!-- Default suite -->
</testng-results>
