<?xml version="1.0" encoding="UTF-8"?>
<!-- Generated by org.testng.reporters.JUnitXMLReporter -->
<testsuite hostname="RanjanMR" ignored="0" name="Phani" tests="5" failures="0" timestamp="25 Jun 2019 11:44:49 GMT" time="0.119" errors="0">
  <testcase name="Test4" time="0.016" classname="MainFunctionPackage.Try2"/>
  <testcase name="Test5" time="0.003" classname="MainFunctionPackage.Try2"/>
  <testcase name="Test1" time="0.002" classname="MainFunctionPackage.Try1"/>
  <testcase name="Test2" time="0.002" classname="MainFunctionPackage.Try1"/>
  <testcase name="Test3" time="0.005" classname="MainFunctionPackage.Try1"/>
</testsuite> <!-- Phani -->
