<?xml version="1.0" encoding="UTF-8"?>
<testng-results skipped="0" failed="0" ignored="0" total="1" passed="1">
  <reporter-output>
  </reporter-output>
  <suite name="Default suite" duration-ms="32091" started-at="2019-09-11T22:47:27 IST" finished-at="2019-09-11T22:47:59 IST">
    <groups>
    </groups>
    <test name="Default test" duration-ms="32091" started-at="2019-09-11T22:47:27 IST" finished-at="2019-09-11T22:47:59 IST">
      <class name="EclipseGitJenkins.EclipseGitJenkins.App">
        <test-method status="PASS" signature="automationfunc()[pri:0, instance:EclipseGitJenkins.EclipseGitJenkins.App@1d16f93d]" name="automationfunc" duration-ms="32029" started-at="2019-09-11T22:47:27 IST" finished-at="2019-09-11T22:47:59 IST">
          <reporter-output>
          </reporter-output>
        </test-method> <!-- automationfunc -->
      </class> <!-- EclipseGitJenkins.EclipseGitJenkins.App -->
    </test> <!-- Default test -->
  </suite> <!-- Default suite -->
</testng-results>
